12:47:40,662 [main      ] INFO  (mdb.JMSClean:34) Mensaje=[
Class:			com.sun.messaging.jmq.jmsclient.MapMessageImpl
getJMSMessageID():	ID:196-192.168.23.103(85:d4:d7:3e:db:c6)-1-1566668717225
getJMSTimestamp():	1566668717225
getJMSCorrelationID():	null
JMSReplyTo:		null
JMSDestination:		ResultadoQueue
getJMSDeliveryMode():	PERSISTENT
getJMSRedelivered():	true
getJMSType():		null
getJMSExpiration():	0
getJMSPriority():	4
Properties:		null]
12:47:42,669 [main      ] INFO  (mdb.JMSClean:34) Mensaje=[null]
12:47:42,669 [main      ] INFO  (mdb.JMSClean:37) Mensajes consumidos!!
12:55:49,874 [main      ] INFO  (mdb.JMSClean:34) Mensaje=[null]
12:55:49,874 [main      ] INFO  (mdb.JMSClean:37) Mensajes consumidos!!
12:56:19,710 [main      ] INFO  (mdb.JMSClean:34) Mensaje=[
Class:			com.sun.messaging.jmq.jmsclient.MapMessageImpl
getJMSMessageID():	ID:101-192.168.23.103(f2:ab:2:ca:fb:a5)-1-1566669370660
getJMSTimestamp():	1566669370660
getJMSCorrelationID():	null
JMSReplyTo:		null
JMSDestination:		ResultadoQueue
getJMSDeliveryMode():	PERSISTENT
getJMSRedelivered():	false
getJMSType():		null
getJMSExpiration():	0
getJMSPriority():	4
Properties:		null]
12:56:21,720 [main      ] INFO  (mdb.JMSClean:34) Mensaje=[null]
12:56:21,720 [main      ] INFO  (mdb.JMSClean:37) Mensajes consumidos!!
12:56:33,867 [main      ] INFO  (mdb.JMSClean:34) Mensaje=[null]
12:56:33,867 [main      ] INFO  (mdb.JMSClean:37) Mensajes consumidos!!
13:06:05,870 [main      ] INFO  (mdb.JMSClean:34) Mensaje=[null]
13:06:05,870 [main      ] INFO  (mdb.JMSClean:37) Mensajes consumidos!!
13:06:30,180 [main      ] INFO  (mdb.JMSClean:34) Mensaje=[null]
13:06:30,180 [main      ] INFO  (mdb.JMSClean:37) Mensajes consumidos!!
13:11:38,025 [main      ] INFO  (mdb.JMSClean:34) Mensaje=[null]
13:11:38,025 [main      ] INFO  (mdb.JMSClean:37) Mensajes consumidos!!
13:12:31,629 [main      ] INFO  (mdb.JMSClean:34) Mensaje=[
Class:			com.sun.messaging.jmq.jmsclient.MapMessageImpl
getJMSMessageID():	ID:525-192.168.23.103(f2:ab:2:ca:fb:a5)-1-1566669876725
getJMSTimestamp():	1566669876725
getJMSCorrelationID():	null
JMSReplyTo:		null
JMSDestination:		ResultadoQueue
getJMSDeliveryMode():	PERSISTENT
getJMSRedelivered():	true
getJMSType():		null
getJMSExpiration():	0
getJMSPriority():	4
Properties:		null]
13:12:31,632 [main      ] INFO  (mdb.JMSClean:34) Mensaje=[
Class:			com.sun.messaging.jmq.jmsclient.MapMessageImpl
getJMSMessageID():	ID:621-192.168.23.103(f2:ab:2:ca:fb:a5)-1-1566669972434
getJMSTimestamp():	1566669972434
getJMSCorrelationID():	null
JMSReplyTo:		null
JMSDestination:		ResultadoQueue
getJMSDeliveryMode():	PERSISTENT
getJMSRedelivered():	true
getJMSType():		null
getJMSExpiration():	0
getJMSPriority():	4
Properties:		null]
13:12:31,632 [main      ] INFO  (mdb.JMSClean:34) Mensaje=[
Class:			com.sun.messaging.jmq.jmsclient.MapMessageImpl
getJMSMessageID():	ID:624-192.168.23.103(f2:ab:2:ca:fb:a5)-1-1566669972434
getJMSTimestamp():	1566669972434
getJMSCorrelationID():	null
JMSReplyTo:		null
JMSDestination:		ResultadoQueue
getJMSDeliveryMode():	PERSISTENT
getJMSRedelivered():	true
getJMSType():		null
getJMSExpiration():	0
getJMSPriority():	4
Properties:		null]
13:12:31,633 [main      ] INFO  (mdb.JMSClean:34) Mensaje=[
Class:			com.sun.messaging.jmq.jmsclient.MapMessageImpl
getJMSMessageID():	ID:759-192.168.23.103(f2:ab:2:ca:fb:a5)-1-1566670227899
getJMSTimestamp():	1566670227899
getJMSCorrelationID():	null
JMSReplyTo:		null
JMSDestination:		ResultadoQueue
getJMSDeliveryMode():	PERSISTENT
getJMSRedelivered():	true
getJMSType():		null
getJMSExpiration():	0
getJMSPriority():	4
Properties:		null]
13:12:31,633 [main      ] INFO  (mdb.JMSClean:34) Mensaje=[
Class:			com.sun.messaging.jmq.jmsclient.MapMessageImpl
getJMSMessageID():	ID:761-192.168.23.103(f2:ab:2:ca:fb:a5)-1-1566670227899
getJMSTimestamp():	1566670227899
getJMSCorrelationID():	null
JMSReplyTo:		null
JMSDestination:		ResultadoQueue
getJMSDeliveryMode():	PERSISTENT
getJMSRedelivered():	true
getJMSType():		null
getJMSExpiration():	0
getJMSPriority():	4
Properties:		null]
13:12:33,637 [main      ] INFO  (mdb.JMSClean:34) Mensaje=[null]
13:12:33,637 [main      ] INFO  (mdb.JMSClean:37) Mensajes consumidos!!
13:14:00,659 [main      ] INFO  (mdb.JMSClean:34) Mensaje=[null]
13:14:00,659 [main      ] INFO  (mdb.JMSClean:37) Mensajes consumidos!!
13:15:06,622 [main      ] INFO  (mdb.JMSClean:34) Mensaje=[
Class:			com.sun.messaging.jmq.jmsclient.MapMessageImpl
getJMSMessageID():	ID:251-192.168.23.103(e5:46:10:b1:ad:a)-1-1566670448189
getJMSTimestamp():	1566670448189
getJMSCorrelationID():	null
JMSReplyTo:		null
JMSDestination:		ResultadoQueue
getJMSDeliveryMode():	PERSISTENT
getJMSRedelivered():	true
getJMSType():		null
getJMSExpiration():	0
getJMSPriority():	4
Properties:		null]
13:15:08,627 [main      ] INFO  (mdb.JMSClean:34) Mensaje=[null]
13:15:08,627 [main      ] INFO  (mdb.JMSClean:37) Mensajes consumidos!!
13:17:40,322 [main      ] INFO  (mdb.MDBClient:35) Mensaje enviado=[Orden [idOrden=1, descripcion=Parihuela, fechaRegistro=Sat Aug 24 13:17:40 COT 2019, subtotal=40.0, descuentos=5.0, total=35.0, estado=RECIBIDO, idCliente=001]]
13:17:47,182 [main      ] INFO  (mdb.JMSClean:34) Mensaje=[
Class:			com.sun.messaging.jmq.jmsclient.MapMessageImpl
getJMSMessageID():	ID:358-192.168.23.103(e5:46:10:b1:ad:a)-1-1566670556419
getJMSTimestamp():	1566670556419
getJMSCorrelationID():	null
JMSReplyTo:		null
JMSDestination:		ResultadoQueue
getJMSDeliveryMode():	PERSISTENT
getJMSRedelivered():	true
getJMSType():		null
getJMSExpiration():	0
getJMSPriority():	4
Properties:		null]
13:17:49,194 [main      ] INFO  (mdb.JMSClean:34) Mensaje=[null]
13:17:49,194 [main      ] INFO  (mdb.JMSClean:37) Mensajes consumidos!!
13:19:36,914 [main      ] INFO  (mdb.JMSClean:34) Mensaje=[null]
13:19:36,914 [main      ] INFO  (mdb.JMSClean:37) Mensajes consumidos!!
13:29:03,283 [main      ] INFO  (mdb.JMSClean:34) Mensaje=[
Class:			com.sun.messaging.jmq.jmsclient.MapMessageImpl
getJMSMessageID():	ID:1133-192.168.23.103(e5:46:10:b1:ad:a)-1-1566671324953
getJMSTimestamp():	1566671324953
getJMSCorrelationID():	null
JMSReplyTo:		null
JMSDestination:		ResultadoQueue
getJMSDeliveryMode():	PERSISTENT
getJMSRedelivered():	true
getJMSType():		null
getJMSExpiration():	0
getJMSPriority():	4
Properties:		null]
13:29:05,307 [main      ] INFO  (mdb.JMSClean:34) Mensaje=[null]
13:29:05,307 [main      ] INFO  (mdb.JMSClean:37) Mensajes consumidos!!
